<?xml version="1.0" encoding="UTF-8"?>
<!-- Generated by org.testng.reporters.JUnitXMLReporter -->
<testsuite hostname="DESKTOP-HN4067J" ignored="0" name="Test" tests="3" failures="0" timestamp="2021-12-26T11:57:19 IST" time="5.704" errors="0">
  <testcase name="login_test" time="5.568" classname="com.sdet.TC_Login"/>
  <testcase name="testLogin1" time="0.087" classname="com.sdet.AppTest"/>
  <testcase name="testLogin2" time="0.001" classname="com.sdet.AppTest"/>
</testsuite> <!-- Test -->
