<?xml version="1.0" encoding="UTF-8"?>
<testng-results skipped="0" failed="0" ignored="0" total="3" passed="3">
  <reporter-output>
  </reporter-output>
  <suite name="Suite" duration-ms="8472" started-at="2021-12-26T13:27:21 IST" finished-at="2021-12-26T13:27:30 IST">
    <groups>
    </groups>
    <test name="Test" duration-ms="8472" started-at="2021-12-26T13:27:21 IST" finished-at="2021-12-26T13:27:30 IST">
      <class name="com.sdet.TC_Login">
        <test-method status="PASS" signature="login_test()[pri:0, instance:com.sdet.TC_Login@15d0c81b]" name="login_test" duration-ms="8419" started-at="2021-12-26T13:27:21 IST" finished-at="2021-12-26T13:27:30 IST">
          <reporter-output>
          </reporter-output>
        </test-method> <!-- login_test -->
      </class> <!-- com.sdet.TC_Login -->
      <class name="com.sdet.AppTest">
        <test-method status="PASS" signature="testLogin1()[pri:0, instance:com.sdet.AppTest@e320068]" name="testLogin1" duration-ms="13" started-at="2021-12-26T13:27:30 IST" finished-at="2021-12-26T13:27:30 IST">
          <reporter-output>
          </reporter-output>
        </test-method> <!-- testLogin1 -->
        <test-method status="PASS" signature="testLogin2()[pri:0, instance:com.sdet.AppTest@e320068]" name="testLogin2" duration-ms="0" started-at="2021-12-26T13:27:30 IST" finished-at="2021-12-26T13:27:30 IST">
          <reporter-output>
          </reporter-output>
        </test-method> <!-- testLogin2 -->
      </class> <!-- com.sdet.AppTest -->
    </test> <!-- Test -->
  </suite> <!-- Suite -->
</testng-results>
