<?xml version="1.0" encoding="UTF-8"?>
<testng-results skipped="0" failed="0" ignored="0" total="3" passed="3">
  <reporter-output>
  </reporter-output>
  <suite name="Suite" duration-ms="5704" started-at="2021-12-26T11:57:13 IST" finished-at="2021-12-26T11:57:19 IST">
    <groups>
    </groups>
    <test name="Test" duration-ms="5704" started-at="2021-12-26T11:57:13 IST" finished-at="2021-12-26T11:57:19 IST">
      <class name="com.sdet.TC_Login">
        <test-method status="PASS" signature="login_test()[pri:0, instance:com.sdet.TC_Login@6121c9d6]" name="login_test" duration-ms="5568" started-at="2021-12-26T11:57:13 IST" finished-at="2021-12-26T11:57:18 IST">
          <reporter-output>
          </reporter-output>
        </test-method> <!-- login_test -->
      </class> <!-- com.sdet.TC_Login -->
      <class name="com.sdet.AppTest">
        <test-method status="PASS" signature="testLogin1()[pri:0, instance:com.sdet.AppTest@69b0fd6f]" name="testLogin1" duration-ms="87" started-at="2021-12-26T11:57:18 IST" finished-at="2021-12-26T11:57:18 IST">
          <reporter-output>
          </reporter-output>
        </test-method> <!-- testLogin1 -->
        <test-method status="PASS" signature="testLogin2()[pri:0, instance:com.sdet.AppTest@69b0fd6f]" name="testLogin2" duration-ms="1" started-at="2021-12-26T11:57:18 IST" finished-at="2021-12-26T11:57:19 IST">
          <reporter-output>
          </reporter-output>
        </test-method> <!-- testLogin2 -->
      </class> <!-- com.sdet.AppTest -->
    </test> <!-- Test -->
  </suite> <!-- Suite -->
</testng-results>
